<?xml version="1.0" encoding="UTF-8"?>
<testsuite xmlns:xsi="http://www.w3.org/2001/XMLSchema-instance" xsi:noNamespaceSchemaLocation="https://maven.apache.org/surefire/maven-surefire-plugin/xsd/surefire-test-report-3.0.xsd" version="3.0" name="com.user.usermanagementservice.UserManagementMicroserviceApplicationTests" time="0.01" tests="1" errors="0" skipped="0" failures="0">
  <properties>
[...]
</properties>
  <testcase name="contextLoads" classname="com.user.usermanagementservice.UserManagementMicroserviceApplicationTests" time="0.002">
    <system-out><![CDATA[2024-01-03T13:39:56.760-03:00  INFO 19181 --- [           main] t.c.s.AnnotationConfigContextLoaderUtils : Could not detect default configuration classes for test class [com.user.usermanagementservice.UserManagementMicroserviceApplicationTests]: UserManagementMicroserviceApplicationTests does not declare any static, non-private, non-final, nested classes annotated with @Configuration.
2024-01-03T13:39:56.764-03:00  INFO 19181 --- [           main] .b.t.c.SpringBootTestContextBootstrapper : Found @SpringBootConfiguration com.user.usermanagementservice.UserManagementMicroserviceApplication for test class com.user.usermanagementservice.UserManagementMicroserviceApplicationTests
]]></system-out>
  </testcase>
</testsuite>